<?xml version="1.0" encoding="UTF-8"?>
<!-- Generated by org.testng.reporters.JUnitReportReporter -->
<testsuite hostname="LL5CD119GGPF" failures="0" tests="2" name="Scrapingdata.NewDiabeticReceipe" time="554.514" errors="0" timestamp="2023-04-23T07:39:56 EDT" skipped="0">
  <testcase classname="Scrapingdata.NewDiabeticReceipe" name="LaunchBrowser" time="554.052"/>
  <system-out/>
  <testcase classname="Scrapingdata.NewDiabeticReceipe" name="Eliminateingredientients" time="0.462"/>
  <system-out/>
</testsuite> <!-- Scrapingdata.NewDiabeticReceipe -->
