<?xml version="1.0" encoding="UTF-8"?>
<!-- Generated by org.testng.reporters.JUnitReportReporter -->
<testsuite hostname="LL5CD119GGPF" failures="0" tests="2" name="Scrapingdata.DiabeticReceipe" time="1005.521" errors="0" timestamp="2023-04-24T22:13:51 EDT" skipped="1">
  <testcase classname="Scrapingdata.DiabeticReceipe" name="EliminatingAllergyitems" time="1005.521"/>
  <system-out/>
  <testcase classname="Scrapingdata.DiabeticReceipe" name="LaunchBrowser">
    <skipped/>
  </testcase> <!-- LaunchBrowser -->
  <system-out/>
</testsuite> <!-- Scrapingdata.DiabeticReceipe -->
