<?xml version="1.0" encoding="UTF-8"?>
<!-- Generated by org.testng.reporters.JUnitReportReporter -->
<testsuite hostname="LL5CD119GGPF" failures="0" tests="1" name="practice.practicetest" time="23.741" errors="0" timestamp="2023-04-20T12:33:13 EDT" skipped="0">
  <testcase classname="practice.practicetest" name="LaunchBrowser" time="23.741"/>
  <system-out/>
</testsuite> <!-- practice.practicetest -->
